gdk/voice-example/build/outputs/logs/manifest-merger-debug-report.txt
-- Merging decision tree log ---
manifest
ADDED from src/main/AndroidManifest.xml:22:1-54:12
INJECTED from src/main/AndroidManifest.xml:22:1-54:12
INJECTED from src/main/AndroidManifest.xml:22:1-54:12
INJECTED from src/main/AndroidManifest.xml:22:1-54:12
INJECTED from src/main/AndroidManifest.xml:22:1-54:12
	package
		ADDED from src/main/AndroidManifest.xml:23:5-42
	android:versionName
		INJECTED from src/main/AndroidManifest.xml
		ADDED from src/main/AndroidManifest.xml:22:1-54:12
		INJECTED from src/main/AndroidManifest.xml
	android:versionCode
		INJECTED from src/main/AndroidManifest.xml
		ADDED from src/main/AndroidManifest.xml:22:1-54:12
		INJECTED from src/main/AndroidManifest.xml
	xmlns:android
		ADDED from src/main/AndroidManifest.xml:22:11-69
uses-permission#com.google.android.glass.permission.DEVELOPMENT
ADDED from src/main/AndroidManifest.xml:25:5-87
	android:name
		ADDED from src/main/AndroidManifest.xml:25:22-84
application
ADDED from src/main/AndroidManifest.xml:27:5-52:19
	android:label
		ADDED from src/main/AndroidManifest.xml:30:9-41
	android:icon
		ADDED from src/main/AndroidManifest.xml:29:9-45
	android:allowBackup
		ADDED from src/main/AndroidManifest.xml:28:9-35
activity#com.openquartz.voiceexample.MenuActivity
ADDED from src/main/AndroidManifest.xml:31:9-36:20
	android:enabled
		ADDED from src/main/AndroidManifest.xml:33:13-35
	android:label
		ADDED from src/main/AndroidManifest.xml:34:13-45
	android:theme
		ADDED from src/main/AndroidManifest.xml:35:13-45
	android:name
		ADDED from src/main/AndroidManifest.xml:32:13-68
service#com.openquartz.voiceexample.CardLaunchService
ADDED from src/main/AndroidManifest.xml:38:9-51:19
	android:enabled
		ADDED from src/main/AndroidManifest.xml:40:13-35
	android:label
		ADDED from src/main/AndroidManifest.xml:43:13-45
	android:exported
		ADDED from src/main/AndroidManifest.xml:41:13-37
	android:icon
		ADDED from src/main/AndroidManifest.xml:42:13-49
	android:name
		ADDED from src/main/AndroidManifest.xml:39:13-73
intent-filter#action:name:com.google.android.glass.action.VOICE_TRIGGER
ADDED from src/main/AndroidManifest.xml:44:13-46:29
action#com.google.android.glass.action.VOICE_TRIGGER
ADDED from src/main/AndroidManifest.xml:45:17-88
	android:name
		ADDED from src/main/AndroidManifest.xml:45:25-85
meta-data#com.google.android.glass.VoiceTrigger
ADDED from src/main/AndroidManifest.xml:48:13-50:63
	android:resource
		ADDED from src/main/AndroidManifest.xml:50:17-60
	android:name
		ADDED from src/main/AndroidManifest.xml:49:17-69
uses-sdk
INJECTED from src/main/AndroidManifest.xml reason: use-sdk injection requested
INJECTED from src/main/AndroidManifest.xml
INJECTED from src/main/AndroidManifest.xml
INJECTED from src/main/AndroidManifest.xml
INJECTED from src/main/AndroidManifest.xml
	android:targetSdkVersion
		INJECTED from src/main/AndroidManifest.xml
		ADDED from src/main/AndroidManifest.xml
		INJECTED from src/main/AndroidManifest.xml
	android:minSdkVersion
		INJECTED from src/main/AndroidManifest.xml
		ADDED from src/main/AndroidManifest.xml
		INJECTED from src/main/AndroidManifest.xml